build/app/outputs/mapping/release/usage.txt
com.example.testing.R$dimen
com.example.testing.R$drawable
com.example.testing.R$attr
com.example.testing.BuildConfig
com.example.testing.R$styleable
com.example.testing.R$layout
com.example.testing.R$style
com.example.testing.R$string
com.example.testing.R$integer
com.example.testing.R$mipmap
com.example.testing.R$id
com.example.testing.R
com.example.testing.R$color
...
androidx.core.graphics.drawable.RoundedBitmapDrawableFactory$DefaultRoundedBitmapDrawable
androidx.core.view.NestedScrollingParent2
kotlin.ranges.ULongProgression$Companion
kotlin.InitializedLazyImpl
androidx.activity.R$style
kotlin.jvm.JvmSynthetic
kotlin.reflect.KMutableProperty1
kotlin.properties.Delegates
androidx.core.app.JobIntentService$CommandProcessor
kotlin.io.ConstantsKt
io.flutter.view.FlutterView$ViewportMetrics
androidx.core.provider.FontsContractCompat$5
androidx.core.view.ViewCompat$1
androidx.core.view.inputmethod.InputContentInfoCompat$InputContentInfoCompatImpl
androidx.core.view.accessibility.AccessibilityNodeProviderCompat
androidx.annotation.AnimatorRes
kotlin.LazyKt
androidx.core.view.accessibility.AccessibilityManagerCompat$TouchExplorationStateChangeListenerWrapper
androidx.versionedparcelable.ParcelField
androidx.core.content.res.ColorStateListInflaterCompat
androidx.fragment.app.Fragment$OnStartEnterTransitionListener
kotlin.time.Duration$Companion
kotlin.time.AbstractDoubleClock$DoubleClockMark
kotlin.collections.ShortIterator
androidx.core.text.TextDirectionHeuristicsCompat$AnyStrong
org.intellij.lang.annotations.JdkConstants$TreeSelectionMode
kotlin.coroutines.experimental.intrinsics.IntrinsicsKt__IntrinsicsJvmKt$buildContinuationByInvokeCall$continuation$1
kotlin.internal.DynamicExtension
kotlin.PreconditionsKt
androidx.collection.ArraySet$1
androidx.core.provider.FontsContractCompat$FontRequestCallback
kotlin.jvm.internal.FunctionReferenceImpl
kotlin.UByteArray
io.flutter.plugin.editing.TextInputPlugin:
    android.text.Editable getEditable()
    io.flutter.plugin.editing.ImeSyncDeferringInsetsCallback getImeSyncCallback()
    public android.view.inputmethod.InputConnection getLastInputConnection()
    private static final java.lang.String TAG
androidx.core.app.NotificationManagerCompat$SideChannelManager$ListenerRecord
kotlin.coroutines.CombinedContext
kotlin._Assertions
androidx.core.graphics.TypefaceCompatBaseImpl$StyleExtractor
androidx.core.database.DatabaseUtilsCompat
androidx.fragment.app.FragmentTransitionCompat21$1
androidx.core.view.MenuItemCompat$OnActionExpandListener
kotlin.collections.ArraysKt___ArraysKt$asSequence$$inlined$Sequence$1
kotlin.coroutines.ContinuationKt$Continuation$1
androidx.loader.app.LoaderManagerImpl$LoaderObserver
androidx.lifecycle.LifecycleRegistry$ObserverWithState:
    void <init>(androidx.lifecycle.LifecycleObserver,androidx.lifecycle.Lifecycle$State)
kotlin.SynchronizedLazyImpl
androidx.core.graphics.drawable.TintAwareDrawable
kotlin.sequences.SequencesKt___SequencesKt$filterIsInstance$1
androidx.viewpager.widget.ViewPager$SavedState
androidx.annotation.AnimRes
androidx.annotation.XmlRes
kotlin.jvm.internal.Ref$ShortRef
androidx.loader.content.Loader$OnLoadCanceledListener
androidx.lifecycle.ViewModelStore:
    public void <init>()
    final void put(java.lang.String,androidx.lifecycle.ViewModel)
    final androidx.lifecycle.ViewModel get(java.lang.String)
    java.util.Set keys()
    private final java.util.HashMap mMap
kotlin.coroutines.jvm.internal.ContinuationImpl
kotlin.text.Regex$Serialized$Companion
androidx.core.graphics.TypefaceCompatBaseImpl
androidx.core.view.ViewCompat$NestedScrollType
io.flutter.embedding.engine.plugins.FlutterPlugin$FlutterAssets:
    public abstract java.lang.String getAssetFilePathByName(java.lang.String)
    public abstract java.lang.String getAssetFilePathByName(java.lang.String,java.lang.String)
    public abstract java.lang.String getAssetFilePathBySubpath(java.lang.String)
    public abstract java.lang.String getAssetFilePathBySubpath(java.lang.String,java.lang.String)